
pathway.list KO.list is downloading

pathway`s png and html is downloading
download_ko_list remain 518
('error', '00362')
('error', '00363')
('error', '00364')
('error', '00365')
('error', '04068')
('error', '04658')
('error', '07039')
('error', '07222')
('error', '00073')
('error', '00730')
('error', '00740')
('error', '00760')
('error', '00770')
('error', '00780')
('error', '00791')
('error', '00904')
('error', '05150')
('error', '05152')
('error', '00550')
('error', '00563')
('error', '02024')
['00073', '00362', '00363', '00364', '00365', '00550', '00563', '00730', '00740', '00760', '00770', '00780', '00791', '00904', '02024', '04068', '04658', '05150', '05152', '07039', '07222']
download_ko_list remain 21
('error', '00362')
['00362']
download_ko_list remain 1
[]

all pathway`s png and html downloaded correctly
download_organism_list remain 5020
('error:', 'hna')
('error:', 'bmd')
('error:', 'bon')
('error:', 'rtx')
('error:', 'xce')
('error:', 'amd')
('error:', 'tpy')
('error:', 'blz')
('error:', 'blc')
('error:', 'bast')
('error:', 'ele')
('error:', 'ddt')
('error:', 'len')
('error:', 'prm')
('error:', 'vcz')
('error:', 'abau')
('error:', 'son')
('error:', 'spc')
('error:', 'abu')
('error:', 'rfe')
('error:', 'bsuc')
('error:', 'clj')
('error:', 'cle')
('error:', 'tnr')
('error:', 'mat')
('error:', 'rag')
('error:', 'sze')
('error:', 'fte')
('error:', 'pfh')
('error:', 'siv')
('error:', 'sne')
('error:', 'lra')
('error:', 'rrs')
('error:', 'ddr')
('error:', 'ctrq')
('error:', 'ctlx')
('error:', 'chc')
('error:', 'pcu')
('error:', 'wch')
('error:', 'xii')
('error:', 'bmay')
('error:', 'tpas')
('error:', 'sil')
('error:', 'amx')
('error:', 'gal')
('error:', 'sck')
('error:', 'mjd')
('error:', 'sxi')
('error:', 'lfc')
('error:', 'mma')
('error:', 'mmet')
('error:', 'mbn')
('error:', 'mru')
('error:', 'hmu')
('error:', 'sali')
('error:', 'pyc')
('error:', 'siy')
('error:', 'sii')
('error:', 'ttn')
['pfh', 'vcz', 'abau', 'son', 'spc', 'hna', 'abu', 'rfe', 'bsuc', 'sil', 'amx', 'gal', 'bmd', 'bon', 'siv', 'sne', 'lra', 'clj', 'cle', 'tnr', 'mat', 'sck', 'mjd', 'sxi', 'rtx', 'xce', 'amd', 'tpy', 'blz', 'blc', 'bast', 'ele', 'ddt', 'len', 'prm', 'rrs', 'ddr', 'ctrq', 'ctlx', 'chc', 'pcu', 'wch', 'xii', 'bmay', 'tpas', 'rag', 'sze', 'fte', 'lfc', 'mma', 'mmet', 'mbn', 'mru', 'hmu', 'sali', 'pyc', 'siy', 'sii', 'ttn']
download_organism_list remain 59
('error:', 'bsuc')
('error:', 'sxi')
('error:', 'hmu')
('error:', 'abu')
('error:', 'blz')
['abu', 'bsuc', 'sxi', 'blz', 'hmu']
download_organism_list remain 5
